
sram_firmware.elf:     file format elf32-littleriscv


Disassembly of section .text:

10000000 <_ftext>:
10000000:	0b00006f          	j	100000b0 <crt_init>
10000004:	00000013          	nop
10000008:	00000013          	nop
1000000c:	00000013          	nop
10000010:	00000013          	nop
10000014:	00000013          	nop
10000018:	00000013          	nop
1000001c:	00000013          	nop

10000020 <trap_entry>:
10000020:	fe112e23          	sw	ra,-4(sp)
10000024:	fe512c23          	sw	t0,-8(sp)
10000028:	fe612a23          	sw	t1,-12(sp)
1000002c:	fe712823          	sw	t2,-16(sp)
10000030:	fea12623          	sw	a0,-20(sp)
10000034:	feb12423          	sw	a1,-24(sp)
10000038:	fec12223          	sw	a2,-28(sp)
1000003c:	fed12023          	sw	a3,-32(sp)
10000040:	fce12e23          	sw	a4,-36(sp)
10000044:	fcf12c23          	sw	a5,-40(sp)
10000048:	fd012a23          	sw	a6,-44(sp)
1000004c:	fd112823          	sw	a7,-48(sp)
10000050:	fdc12623          	sw	t3,-52(sp)
10000054:	fdd12423          	sw	t4,-56(sp)
10000058:	fde12223          	sw	t5,-60(sp)
1000005c:	fdf12023          	sw	t6,-64(sp)
10000060:	fc010113          	add	sp,sp,-64
10000064:	110000ef          	jal	10000174 <isr>
10000068:	03c12083          	lw	ra,60(sp)
1000006c:	03812283          	lw	t0,56(sp)
10000070:	03412303          	lw	t1,52(sp)
10000074:	03012383          	lw	t2,48(sp)
10000078:	02c12503          	lw	a0,44(sp)
1000007c:	02812583          	lw	a1,40(sp)
10000080:	02412603          	lw	a2,36(sp)
10000084:	02012683          	lw	a3,32(sp)
10000088:	01c12703          	lw	a4,28(sp)
1000008c:	01812783          	lw	a5,24(sp)
10000090:	01412803          	lw	a6,20(sp)
10000094:	01012883          	lw	a7,16(sp)
10000098:	00c12e03          	lw	t3,12(sp)
1000009c:	00812e83          	lw	t4,8(sp)
100000a0:	00412f03          	lw	t5,4(sp)
100000a4:	00012f83          	lw	t6,0(sp)
100000a8:	04010113          	add	sp,sp,64
100000ac:	30200073          	mret

100000b0 <crt_init>:
100000b0:	40000113          	li	sp,1024
100000b4:	00000517          	auipc	a0,0x0
100000b8:	f6c50513          	add	a0,a0,-148 # 10000020 <trap_entry>
100000bc:	30551073          	csrw	mtvec,a0

100000c0 <data_init>:
100000c0:	00000513          	li	a0,0
100000c4:	0f800593          	li	a1,248
100000c8:	00001617          	auipc	a2,0x1
100000cc:	93860613          	add	a2,a2,-1736 # 10000a00 <_etext>

100000d0 <data_loop>:
100000d0:	00b50c63          	beq	a0,a1,100000e8 <bss_init>
100000d4:	00062683          	lw	a3,0(a2)
100000d8:	00d52023          	sw	a3,0(a0)
100000dc:	00450513          	add	a0,a0,4
100000e0:	00460613          	add	a2,a2,4
100000e4:	fedff06f          	j	100000d0 <data_loop>

100000e8 <bss_init>:
100000e8:	10000513          	li	a0,256
100000ec:	10800593          	li	a1,264

100000f0 <bss_loop>:
100000f0:	00b50863          	beq	a0,a1,10000100 <bss_done>
100000f4:	00052023          	sw	zero,0(a0)
100000f8:	00450513          	add	a0,a0,4
100000fc:	ff5ff06f          	j	100000f0 <bss_loop>

10000100 <bss_done>:
10000100:	00001537          	lui	a0,0x1
10000104:	88050513          	add	a0,a0,-1920 # 880 <_fstack+0x480>
10000108:	30451073          	csrw	mie,a0
1000010c:	790000ef          	jal	1000089c <main>

10000110 <infinit_loop>:
10000110:	0000006f          	j	10000110 <infinit_loop>

10000114 <flush_cpu_icache>:
10000114:	ff010113          	add	sp,sp,-16
10000118:	00812623          	sw	s0,12(sp)
1000011c:	01010413          	add	s0,sp,16
10000120:	00000013          	nop
10000124:	00c12403          	lw	s0,12(sp)
10000128:	01010113          	add	sp,sp,16
1000012c:	00008067          	ret

10000130 <flush_cpu_dcache>:
10000130:	ff010113          	add	sp,sp,-16
10000134:	00812623          	sw	s0,12(sp)
10000138:	01010413          	add	s0,sp,16
1000013c:	00000013          	nop
10000140:	00c12403          	lw	s0,12(sp)
10000144:	01010113          	add	sp,sp,16
10000148:	00008067          	ret

1000014c <irq_setmask>:
1000014c:	fe010113          	add	sp,sp,-32
10000150:	00812e23          	sw	s0,28(sp)
10000154:	02010413          	add	s0,sp,32
10000158:	fea42623          	sw	a0,-20(s0)
1000015c:	fec42783          	lw	a5,-20(s0)
10000160:	bc079073          	csrw	0xbc0,a5
10000164:	00000013          	nop
10000168:	01c12403          	lw	s0,28(sp)
1000016c:	02010113          	add	sp,sp,32
10000170:	00008067          	ret

10000174 <isr>:
10000174:	ff010113          	add	sp,sp,-16
10000178:	00112623          	sw	ra,12(sp)
1000017c:	00812423          	sw	s0,8(sp)
10000180:	01010413          	add	s0,sp,16
10000184:	00000513          	li	a0,0
10000188:	fc5ff0ef          	jal	1000014c <irq_setmask>
1000018c:	f00057b7          	lui	a5,0xf0005
10000190:	01c78793          	add	a5,a5,28 # f000501c <_etext+0xe000461c>
10000194:	0007a023          	sw	zero,0(a5)
10000198:	f00057b7          	lui	a5,0xf0005
1000019c:	00c78793          	add	a5,a5,12 # f000500c <_etext+0xe000460c>
100001a0:	00100713          	li	a4,1
100001a4:	00e7a023          	sw	a4,0(a5)
100001a8:	f00057b7          	lui	a5,0xf0005
100001ac:	01078793          	add	a5,a5,16 # f0005010 <_etext+0xe0004610>
100001b0:	0007a783          	lw	a5,0(a5)
100001b4:	00079863          	bnez	a5,100001c4 <isr+0x50>
100001b8:	00100713          	li	a4,1
100001bc:	10e01023          	sh	a4,256(zero) # 100 <flag>
100001c0:	0180006f          	j	100001d8 <isr+0x64>
100001c4:	f00057b7          	lui	a5,0xf0005
100001c8:	01c78793          	add	a5,a5,28 # f000501c <_etext+0xe000461c>
100001cc:	00100713          	li	a4,1
100001d0:	00e7a023          	sw	a4,0(a5)
100001d4:	00000013          	nop
100001d8:	00c12083          	lw	ra,12(sp)
100001dc:	00812403          	lw	s0,8(sp)
100001e0:	01010113          	add	sp,sp,16
100001e4:	00008067          	ret

100001e8 <flush_cpu_icache>:
100001e8:	ff010113          	add	sp,sp,-16
100001ec:	00812623          	sw	s0,12(sp)
100001f0:	01010413          	add	s0,sp,16
100001f4:	00000013          	nop
100001f8:	00c12403          	lw	s0,12(sp)
100001fc:	01010113          	add	sp,sp,16
10000200:	00008067          	ret

10000204 <flush_cpu_dcache>:
10000204:	ff010113          	add	sp,sp,-16
10000208:	00812623          	sw	s0,12(sp)
1000020c:	01010413          	add	s0,sp,16
10000210:	00000013          	nop
10000214:	00c12403          	lw	s0,12(sp)
10000218:	01010113          	add	sp,sp,16
1000021c:	00008067          	ret

10000220 <delay>:
10000220:	fe010113          	add	sp,sp,-32
10000224:	00812e23          	sw	s0,28(sp)
10000228:	02010413          	add	s0,sp,32
1000022c:	fea42623          	sw	a0,-20(s0)
10000230:	f00057b7          	lui	a5,0xf0005
10000234:	00878793          	add	a5,a5,8 # f0005008 <_etext+0xe0004608>
10000238:	0007a023          	sw	zero,0(a5)
1000023c:	f00057b7          	lui	a5,0xf0005
10000240:	fec42703          	lw	a4,-20(s0)
10000244:	00e7a023          	sw	a4,0(a5) # f0005000 <_etext+0xe0004600>
10000248:	f00057b7          	lui	a5,0xf0005
1000024c:	00878793          	add	a5,a5,8 # f0005008 <_etext+0xe0004608>
10000250:	00100713          	li	a4,1
10000254:	00e7a023          	sw	a4,0(a5)
10000258:	f00057b7          	lui	a5,0xf0005
1000025c:	00c78793          	add	a5,a5,12 # f000500c <_etext+0xe000460c>
10000260:	00100713          	li	a4,1
10000264:	00e7a023          	sw	a4,0(a5)
10000268:	0140006f          	j	1000027c <delay+0x5c>
1000026c:	f00057b7          	lui	a5,0xf0005
10000270:	00c78793          	add	a5,a5,12 # f000500c <_etext+0xe000460c>
10000274:	00100713          	li	a4,1
10000278:	00e7a023          	sw	a4,0(a5)
1000027c:	f00057b7          	lui	a5,0xf0005
10000280:	01078793          	add	a5,a5,16 # f0005010 <_etext+0xe0004610>
10000284:	0007a783          	lw	a5,0(a5)
10000288:	fe0792e3          	bnez	a5,1000026c <delay+0x4c>
1000028c:	00000013          	nop
10000290:	00000013          	nop
10000294:	01c12403          	lw	s0,28(sp)
10000298:	02010113          	add	sp,sp,32
1000029c:	00008067          	ret

100002a0 <bb_mode>:
100002a0:	ff010113          	add	sp,sp,-16
100002a4:	00812623          	sw	s0,12(sp)
100002a8:	01010413          	add	s0,sp,16
100002ac:	260007b7          	lui	a5,0x26000
100002b0:	00600713          	li	a4,6
100002b4:	00e7a023          	sw	a4,0(a5) # 26000000 <_etext+0x15fff600>
100002b8:	260007b7          	lui	a5,0x26000
100002bc:	00200713          	li	a4,2
100002c0:	00e7a023          	sw	a4,0(a5) # 26000000 <_etext+0x15fff600>
100002c4:	260007b7          	lui	a5,0x26000
100002c8:	00600713          	li	a4,6
100002cc:	00e7a023          	sw	a4,0(a5) # 26000000 <_etext+0x15fff600>
100002d0:	00000013          	nop
100002d4:	00c12403          	lw	s0,12(sp)
100002d8:	01010113          	add	sp,sp,16
100002dc:	00008067          	ret

100002e0 <load>:
100002e0:	ff010113          	add	sp,sp,-16
100002e4:	00112623          	sw	ra,12(sp)
100002e8:	00812423          	sw	s0,8(sp)
100002ec:	01010413          	add	s0,sp,16
100002f0:	260007b7          	lui	a5,0x26000
100002f4:	00600713          	li	a4,6
100002f8:	00e7a023          	sw	a4,0(a5) # 26000000 <_etext+0x15fff600>
100002fc:	0000c7b7          	lui	a5,0xc
10000300:	35078513          	add	a0,a5,848 # c350 <_fstack+0xbf50>
10000304:	f1dff0ef          	jal	10000220 <delay>
10000308:	260007b7          	lui	a5,0x26000
1000030c:	00e00713          	li	a4,14
10000310:	00e7a023          	sw	a4,0(a5) # 26000000 <_etext+0x15fff600>
10000314:	0000c7b7          	lui	a5,0xc
10000318:	35078513          	add	a0,a5,848 # c350 <_fstack+0xbf50>
1000031c:	f05ff0ef          	jal	10000220 <delay>
10000320:	260007b7          	lui	a5,0x26000
10000324:	00600713          	li	a4,6
10000328:	00e7a023          	sw	a4,0(a5) # 26000000 <_etext+0x15fff600>
1000032c:	0000c7b7          	lui	a5,0xc
10000330:	35078513          	add	a0,a5,848 # c350 <_fstack+0xbf50>
10000334:	eedff0ef          	jal	10000220 <delay>
10000338:	00000013          	nop
1000033c:	00c12083          	lw	ra,12(sp)
10000340:	00812403          	lw	s0,8(sp)
10000344:	01010113          	add	sp,sp,16
10000348:	00008067          	ret

1000034c <clear_registers>:
1000034c:	fe010113          	add	sp,sp,-32
10000350:	00112e23          	sw	ra,28(sp)
10000354:	00812c23          	sw	s0,24(sp)
10000358:	02010413          	add	s0,sp,32
1000035c:	fe042623          	sw	zero,-20(s0)
10000360:	0400006f          	j	100003a0 <clear_registers+0x54>
10000364:	260007b7          	lui	a5,0x26000
10000368:	00600713          	li	a4,6
1000036c:	00e7a023          	sw	a4,0(a5) # 26000000 <_etext+0x15fff600>
10000370:	0000c7b7          	lui	a5,0xc
10000374:	35078513          	add	a0,a5,848 # c350 <_fstack+0xbf50>
10000378:	ea9ff0ef          	jal	10000220 <delay>
1000037c:	260007b7          	lui	a5,0x26000
10000380:	01600713          	li	a4,22
10000384:	00e7a023          	sw	a4,0(a5) # 26000000 <_etext+0x15fff600>
10000388:	0000c7b7          	lui	a5,0xc
1000038c:	35078513          	add	a0,a5,848 # c350 <_fstack+0xbf50>
10000390:	e91ff0ef          	jal	10000220 <delay>
10000394:	fec42783          	lw	a5,-20(s0)
10000398:	00178793          	add	a5,a5,1
1000039c:	fef42623          	sw	a5,-20(s0)
100003a0:	fec42703          	lw	a4,-20(s0)
100003a4:	0f900793          	li	a5,249
100003a8:	fae7dee3          	bge	a5,a4,10000364 <clear_registers+0x18>
100003ac:	f35ff0ef          	jal	100002e0 <load>
100003b0:	00000013          	nop
100003b4:	01c12083          	lw	ra,28(sp)
100003b8:	01812403          	lw	s0,24(sp)
100003bc:	02010113          	add	sp,sp,32
100003c0:	00008067          	ret

100003c4 <gpio_config_io>:
100003c4:	fe010113          	add	sp,sp,-32
100003c8:	00112e23          	sw	ra,28(sp)
100003cc:	00812c23          	sw	s0,24(sp)
100003d0:	02010413          	add	s0,sp,32
100003d4:	00100793          	li	a5,1
100003d8:	fef42623          	sw	a5,-20(s0)
100003dc:	00000793          	li	a5,0
100003e0:	0007c783          	lbu	a5,0(a5)
100003e4:	fef42423          	sw	a5,-24(s0)
100003e8:	f65ff0ef          	jal	1000034c <clear_registers>
100003ec:	05c0006f          	j	10000448 <gpio_config_io+0x84>
100003f0:	00000713          	li	a4,0
100003f4:	fec42783          	lw	a5,-20(s0)
100003f8:	00f707b3          	add	a5,a4,a5
100003fc:	0007c703          	lbu	a4,0(a5)
10000400:	260007b7          	lui	a5,0x26000
10000404:	00e7a023          	sw	a4,0(a5) # 26000000 <_etext+0x15fff600>
10000408:	0000c7b7          	lui	a5,0xc
1000040c:	35078513          	add	a0,a5,848 # c350 <_fstack+0xbf50>
10000410:	e11ff0ef          	jal	10000220 <delay>
10000414:	00000713          	li	a4,0
10000418:	fec42783          	lw	a5,-20(s0)
1000041c:	00f707b3          	add	a5,a4,a5
10000420:	0007c783          	lbu	a5,0(a5)
10000424:	01078713          	add	a4,a5,16
10000428:	260007b7          	lui	a5,0x26000
1000042c:	00e7a023          	sw	a4,0(a5) # 26000000 <_etext+0x15fff600>
10000430:	0000c7b7          	lui	a5,0xc
10000434:	35078513          	add	a0,a5,848 # c350 <_fstack+0xbf50>
10000438:	de9ff0ef          	jal	10000220 <delay>
1000043c:	fec42783          	lw	a5,-20(s0)
10000440:	00178793          	add	a5,a5,1
10000444:	fef42623          	sw	a5,-20(s0)
10000448:	fec42703          	lw	a4,-20(s0)
1000044c:	fe842783          	lw	a5,-24(s0)
10000450:	faf740e3          	blt	a4,a5,100003f0 <gpio_config_io+0x2c>
10000454:	e8dff0ef          	jal	100002e0 <load>
10000458:	00000013          	nop
1000045c:	01c12083          	lw	ra,28(sp)
10000460:	01812403          	lw	s0,24(sp)
10000464:	02010113          	add	sp,sp,32
10000468:	00008067          	ret

1000046c <set_registers>:
1000046c:	ff010113          	add	sp,sp,-16
10000470:	00812623          	sw	s0,12(sp)
10000474:	01010413          	add	s0,sp,16
10000478:	260007b7          	lui	a5,0x26000
1000047c:	02478793          	add	a5,a5,36 # 26000024 <_etext+0x15fff624>
10000480:	00002737          	lui	a4,0x2
10000484:	80870713          	add	a4,a4,-2040 # 1808 <_fstack+0x1408>
10000488:	00e7a023          	sw	a4,0(a5)
1000048c:	260007b7          	lui	a5,0x26000
10000490:	02878793          	add	a5,a5,40 # 26000028 <_etext+0x15fff628>
10000494:	00002737          	lui	a4,0x2
10000498:	80870713          	add	a4,a4,-2040 # 1808 <_fstack+0x1408>
1000049c:	00e7a023          	sw	a4,0(a5)
100004a0:	260007b7          	lui	a5,0x26000
100004a4:	02c78793          	add	a5,a5,44 # 2600002c <_etext+0x15fff62c>
100004a8:	00002737          	lui	a4,0x2
100004ac:	80870713          	add	a4,a4,-2040 # 1808 <_fstack+0x1408>
100004b0:	00e7a023          	sw	a4,0(a5)
100004b4:	260007b7          	lui	a5,0x26000
100004b8:	03078793          	add	a5,a5,48 # 26000030 <_etext+0x15fff630>
100004bc:	00002737          	lui	a4,0x2
100004c0:	80870713          	add	a4,a4,-2040 # 1808 <_fstack+0x1408>
100004c4:	00e7a023          	sw	a4,0(a5)
100004c8:	260007b7          	lui	a5,0x26000
100004cc:	03478793          	add	a5,a5,52 # 26000034 <_etext+0x15fff634>
100004d0:	00002737          	lui	a4,0x2
100004d4:	80870713          	add	a4,a4,-2040 # 1808 <_fstack+0x1408>
100004d8:	00e7a023          	sw	a4,0(a5)
100004dc:	260007b7          	lui	a5,0x26000
100004e0:	03878793          	add	a5,a5,56 # 26000038 <_etext+0x15fff638>
100004e4:	00002737          	lui	a4,0x2
100004e8:	80870713          	add	a4,a4,-2040 # 1808 <_fstack+0x1408>
100004ec:	00e7a023          	sw	a4,0(a5)
100004f0:	260007b7          	lui	a5,0x26000
100004f4:	03c78793          	add	a5,a5,60 # 2600003c <_etext+0x15fff63c>
100004f8:	00002737          	lui	a4,0x2
100004fc:	80870713          	add	a4,a4,-2040 # 1808 <_fstack+0x1408>
10000500:	00e7a023          	sw	a4,0(a5)
10000504:	260007b7          	lui	a5,0x26000
10000508:	04078793          	add	a5,a5,64 # 26000040 <_etext+0x15fff640>
1000050c:	00002737          	lui	a4,0x2
10000510:	80870713          	add	a4,a4,-2040 # 1808 <_fstack+0x1408>
10000514:	00e7a023          	sw	a4,0(a5)
10000518:	260007b7          	lui	a5,0x26000
1000051c:	04478793          	add	a5,a5,68 # 26000044 <_etext+0x15fff644>
10000520:	00002737          	lui	a4,0x2
10000524:	80870713          	add	a4,a4,-2040 # 1808 <_fstack+0x1408>
10000528:	00e7a023          	sw	a4,0(a5)
1000052c:	260007b7          	lui	a5,0x26000
10000530:	04878793          	add	a5,a5,72 # 26000048 <_etext+0x15fff648>
10000534:	00002737          	lui	a4,0x2
10000538:	80870713          	add	a4,a4,-2040 # 1808 <_fstack+0x1408>
1000053c:	00e7a023          	sw	a4,0(a5)
10000540:	260007b7          	lui	a5,0x26000
10000544:	04c78793          	add	a5,a5,76 # 2600004c <_etext+0x15fff64c>
10000548:	00002737          	lui	a4,0x2
1000054c:	80870713          	add	a4,a4,-2040 # 1808 <_fstack+0x1408>
10000550:	00e7a023          	sw	a4,0(a5)
10000554:	260007b7          	lui	a5,0x26000
10000558:	05078793          	add	a5,a5,80 # 26000050 <_etext+0x15fff650>
1000055c:	00002737          	lui	a4,0x2
10000560:	80870713          	add	a4,a4,-2040 # 1808 <_fstack+0x1408>
10000564:	00e7a023          	sw	a4,0(a5)
10000568:	260007b7          	lui	a5,0x26000
1000056c:	05478793          	add	a5,a5,84 # 26000054 <_etext+0x15fff654>
10000570:	00002737          	lui	a4,0x2
10000574:	80870713          	add	a4,a4,-2040 # 1808 <_fstack+0x1408>
10000578:	00e7a023          	sw	a4,0(a5)
1000057c:	260007b7          	lui	a5,0x26000
10000580:	05878793          	add	a5,a5,88 # 26000058 <_etext+0x15fff658>
10000584:	00002737          	lui	a4,0x2
10000588:	80870713          	add	a4,a4,-2040 # 1808 <_fstack+0x1408>
1000058c:	00e7a023          	sw	a4,0(a5)
10000590:	260007b7          	lui	a5,0x26000
10000594:	05c78793          	add	a5,a5,92 # 2600005c <_etext+0x15fff65c>
10000598:	00002737          	lui	a4,0x2
1000059c:	80870713          	add	a4,a4,-2040 # 1808 <_fstack+0x1408>
100005a0:	00e7a023          	sw	a4,0(a5)
100005a4:	260007b7          	lui	a5,0x26000
100005a8:	06078793          	add	a5,a5,96 # 26000060 <_etext+0x15fff660>
100005ac:	00002737          	lui	a4,0x2
100005b0:	80870713          	add	a4,a4,-2040 # 1808 <_fstack+0x1408>
100005b4:	00e7a023          	sw	a4,0(a5)
100005b8:	260007b7          	lui	a5,0x26000
100005bc:	06478793          	add	a5,a5,100 # 26000064 <_etext+0x15fff664>
100005c0:	00002737          	lui	a4,0x2
100005c4:	80870713          	add	a4,a4,-2040 # 1808 <_fstack+0x1408>
100005c8:	00e7a023          	sw	a4,0(a5)
100005cc:	260007b7          	lui	a5,0x26000
100005d0:	06878793          	add	a5,a5,104 # 26000068 <_etext+0x15fff668>
100005d4:	00002737          	lui	a4,0x2
100005d8:	80870713          	add	a4,a4,-2040 # 1808 <_fstack+0x1408>
100005dc:	00e7a023          	sw	a4,0(a5)
100005e0:	260007b7          	lui	a5,0x26000
100005e4:	06c78793          	add	a5,a5,108 # 2600006c <_etext+0x15fff66c>
100005e8:	00002737          	lui	a4,0x2
100005ec:	80870713          	add	a4,a4,-2040 # 1808 <_fstack+0x1408>
100005f0:	00e7a023          	sw	a4,0(a5)
100005f4:	260007b7          	lui	a5,0x26000
100005f8:	07078793          	add	a5,a5,112 # 26000070 <_etext+0x15fff670>
100005fc:	00002737          	lui	a4,0x2
10000600:	80870713          	add	a4,a4,-2040 # 1808 <_fstack+0x1408>
10000604:	00e7a023          	sw	a4,0(a5)
10000608:	260007b7          	lui	a5,0x26000
1000060c:	07478793          	add	a5,a5,116 # 26000074 <_etext+0x15fff674>
10000610:	00002737          	lui	a4,0x2
10000614:	80870713          	add	a4,a4,-2040 # 1808 <_fstack+0x1408>
10000618:	00e7a023          	sw	a4,0(a5)
1000061c:	260007b7          	lui	a5,0x26000
10000620:	07878793          	add	a5,a5,120 # 26000078 <_etext+0x15fff678>
10000624:	00002737          	lui	a4,0x2
10000628:	80870713          	add	a4,a4,-2040 # 1808 <_fstack+0x1408>
1000062c:	00e7a023          	sw	a4,0(a5)
10000630:	260007b7          	lui	a5,0x26000
10000634:	07c78793          	add	a5,a5,124 # 2600007c <_etext+0x15fff67c>
10000638:	00002737          	lui	a4,0x2
1000063c:	80870713          	add	a4,a4,-2040 # 1808 <_fstack+0x1408>
10000640:	00e7a023          	sw	a4,0(a5)
10000644:	260007b7          	lui	a5,0x26000
10000648:	08078793          	add	a5,a5,128 # 26000080 <_etext+0x15fff680>
1000064c:	00002737          	lui	a4,0x2
10000650:	80870713          	add	a4,a4,-2040 # 1808 <_fstack+0x1408>
10000654:	00e7a023          	sw	a4,0(a5)
10000658:	260007b7          	lui	a5,0x26000
1000065c:	08478793          	add	a5,a5,132 # 26000084 <_etext+0x15fff684>
10000660:	00002737          	lui	a4,0x2
10000664:	80870713          	add	a4,a4,-2040 # 1808 <_fstack+0x1408>
10000668:	00e7a023          	sw	a4,0(a5)
1000066c:	260007b7          	lui	a5,0x26000
10000670:	08878793          	add	a5,a5,136 # 26000088 <_etext+0x15fff688>
10000674:	00002737          	lui	a4,0x2
10000678:	80870713          	add	a4,a4,-2040 # 1808 <_fstack+0x1408>
1000067c:	00e7a023          	sw	a4,0(a5)
10000680:	260007b7          	lui	a5,0x26000
10000684:	08c78793          	add	a5,a5,140 # 2600008c <_etext+0x15fff68c>
10000688:	00002737          	lui	a4,0x2
1000068c:	80870713          	add	a4,a4,-2040 # 1808 <_fstack+0x1408>
10000690:	00e7a023          	sw	a4,0(a5)
10000694:	260007b7          	lui	a5,0x26000
10000698:	09078793          	add	a5,a5,144 # 26000090 <_etext+0x15fff690>
1000069c:	00002737          	lui	a4,0x2
100006a0:	80870713          	add	a4,a4,-2040 # 1808 <_fstack+0x1408>
100006a4:	00e7a023          	sw	a4,0(a5)
100006a8:	260007b7          	lui	a5,0x26000
100006ac:	09478793          	add	a5,a5,148 # 26000094 <_etext+0x15fff694>
100006b0:	00002737          	lui	a4,0x2
100006b4:	80870713          	add	a4,a4,-2040 # 1808 <_fstack+0x1408>
100006b8:	00e7a023          	sw	a4,0(a5)
100006bc:	260007b7          	lui	a5,0x26000
100006c0:	09878793          	add	a5,a5,152 # 26000098 <_etext+0x15fff698>
100006c4:	00002737          	lui	a4,0x2
100006c8:	80870713          	add	a4,a4,-2040 # 1808 <_fstack+0x1408>
100006cc:	00e7a023          	sw	a4,0(a5)
100006d0:	260007b7          	lui	a5,0x26000
100006d4:	09c78793          	add	a5,a5,156 # 2600009c <_etext+0x15fff69c>
100006d8:	00002737          	lui	a4,0x2
100006dc:	80870713          	add	a4,a4,-2040 # 1808 <_fstack+0x1408>
100006e0:	00e7a023          	sw	a4,0(a5)
100006e4:	260007b7          	lui	a5,0x26000
100006e8:	0a078793          	add	a5,a5,160 # 260000a0 <_etext+0x15fff6a0>
100006ec:	00002737          	lui	a4,0x2
100006f0:	80870713          	add	a4,a4,-2040 # 1808 <_fstack+0x1408>
100006f4:	00e7a023          	sw	a4,0(a5)
100006f8:	260007b7          	lui	a5,0x26000
100006fc:	0a478793          	add	a5,a5,164 # 260000a4 <_etext+0x15fff6a4>
10000700:	00002737          	lui	a4,0x2
10000704:	80870713          	add	a4,a4,-2040 # 1808 <_fstack+0x1408>
10000708:	00e7a023          	sw	a4,0(a5)
1000070c:	260007b7          	lui	a5,0x26000
10000710:	0a878793          	add	a5,a5,168 # 260000a8 <_etext+0x15fff6a8>
10000714:	00002737          	lui	a4,0x2
10000718:	80870713          	add	a4,a4,-2040 # 1808 <_fstack+0x1408>
1000071c:	00e7a023          	sw	a4,0(a5)
10000720:	260007b7          	lui	a5,0x26000
10000724:	0ac78793          	add	a5,a5,172 # 260000ac <_etext+0x15fff6ac>
10000728:	00002737          	lui	a4,0x2
1000072c:	80870713          	add	a4,a4,-2040 # 1808 <_fstack+0x1408>
10000730:	00e7a023          	sw	a4,0(a5)
10000734:	260007b7          	lui	a5,0x26000
10000738:	0b078793          	add	a5,a5,176 # 260000b0 <_etext+0x15fff6b0>
1000073c:	00002737          	lui	a4,0x2
10000740:	80870713          	add	a4,a4,-2040 # 1808 <_fstack+0x1408>
10000744:	00e7a023          	sw	a4,0(a5)
10000748:	260007b7          	lui	a5,0x26000
1000074c:	0b478793          	add	a5,a5,180 # 260000b4 <_etext+0x15fff6b4>
10000750:	00002737          	lui	a4,0x2
10000754:	80870713          	add	a4,a4,-2040 # 1808 <_fstack+0x1408>
10000758:	00e7a023          	sw	a4,0(a5)
1000075c:	260007b7          	lui	a5,0x26000
10000760:	0b878793          	add	a5,a5,184 # 260000b8 <_etext+0x15fff6b8>
10000764:	00002737          	lui	a4,0x2
10000768:	80870713          	add	a4,a4,-2040 # 1808 <_fstack+0x1408>
1000076c:	00e7a023          	sw	a4,0(a5)
10000770:	00000013          	nop
10000774:	00c12403          	lw	s0,12(sp)
10000778:	01010113          	add	sp,sp,16
1000077c:	00008067          	ret

10000780 <comm_sram_wb>:
10000780:	fd010113          	add	sp,sp,-48
10000784:	02112623          	sw	ra,44(sp)
10000788:	02812423          	sw	s0,40(sp)
1000078c:	03010413          	add	s0,sp,48
10000790:	fca42e23          	sw	a0,-36(s0)
10000794:	fcb42c23          	sw	a1,-40(s0)
10000798:	308007b7          	lui	a5,0x30800
1000079c:	fff00713          	li	a4,-1
100007a0:	00e7a023          	sw	a4,0(a5) # 30800000 <_etext+0x207ff600>
100007a4:	fe042623          	sw	zero,-20(s0)
100007a8:	0d00006f          	j	10000878 <comm_sram_wb+0xf8>
100007ac:	fdc42783          	lw	a5,-36(s0)
100007b0:	00079a63          	bnez	a5,100007c4 <comm_sram_wb+0x44>
100007b4:	300007b7          	lui	a5,0x30000
100007b8:	fec42703          	lw	a4,-20(s0)
100007bc:	00e7a023          	sw	a4,0(a5) # 30000000 <_etext+0x1ffff600>
100007c0:	0140006f          	j	100007d4 <comm_sram_wb+0x54>
100007c4:	300007b7          	lui	a5,0x30000
100007c8:	00478793          	add	a5,a5,4 # 30000004 <_etext+0x1ffff604>
100007cc:	fec42703          	lw	a4,-20(s0)
100007d0:	00e7a023          	sw	a4,0(a5)
100007d4:	004c57b7          	lui	a5,0x4c5
100007d8:	b4078513          	add	a0,a5,-1216 # 4c4b40 <_fstack+0x4c4740>
100007dc:	a45ff0ef          	jal	10000220 <delay>
100007e0:	fdc42783          	lw	a5,-36(s0)
100007e4:	00079e63          	bnez	a5,10000800 <comm_sram_wb+0x80>
100007e8:	fd842783          	lw	a5,-40(s0)
100007ec:	00079a63          	bnez	a5,10000800 <comm_sram_wb+0x80>
100007f0:	300007b7          	lui	a5,0x30000
100007f4:	0007a783          	lw	a5,0(a5) # 30000000 <_etext+0x1ffff600>
100007f8:	fef42423          	sw	a5,-24(s0)
100007fc:	0600006f          	j	1000085c <comm_sram_wb+0xdc>
10000800:	fdc42783          	lw	a5,-36(s0)
10000804:	02079063          	bnez	a5,10000824 <comm_sram_wb+0xa4>
10000808:	fd842703          	lw	a4,-40(s0)
1000080c:	00100793          	li	a5,1
10000810:	00f71a63          	bne	a4,a5,10000824 <comm_sram_wb+0xa4>
10000814:	301007b7          	lui	a5,0x30100
10000818:	0007a783          	lw	a5,0(a5) # 30100000 <_etext+0x200ff600>
1000081c:	fef42423          	sw	a5,-24(s0)
10000820:	03c0006f          	j	1000085c <comm_sram_wb+0xdc>
10000824:	fdc42703          	lw	a4,-36(s0)
10000828:	00100793          	li	a5,1
1000082c:	02f71063          	bne	a4,a5,1000084c <comm_sram_wb+0xcc>
10000830:	fd842783          	lw	a5,-40(s0)
10000834:	00079c63          	bnez	a5,1000084c <comm_sram_wb+0xcc>
10000838:	300007b7          	lui	a5,0x30000
1000083c:	00478793          	add	a5,a5,4 # 30000004 <_etext+0x1ffff604>
10000840:	0007a783          	lw	a5,0(a5)
10000844:	fef42423          	sw	a5,-24(s0)
10000848:	0140006f          	j	1000085c <comm_sram_wb+0xdc>
1000084c:	301007b7          	lui	a5,0x30100
10000850:	00478793          	add	a5,a5,4 # 30100004 <_etext+0x200ff604>
10000854:	0007a783          	lw	a5,0(a5)
10000858:	fef42423          	sw	a5,-24(s0)
1000085c:	f00037b7          	lui	a5,0xf0003
10000860:	81478793          	add	a5,a5,-2028 # f0002814 <_etext+0xe0001e14>
10000864:	fe842703          	lw	a4,-24(s0)
10000868:	00e7a023          	sw	a4,0(a5)
1000086c:	fec42783          	lw	a5,-20(s0)
10000870:	00178793          	add	a5,a5,1
10000874:	fef42623          	sw	a5,-20(s0)
10000878:	fec42703          	lw	a4,-20(s0)
1000087c:	00100793          	li	a5,1
10000880:	f2e7d6e3          	bge	a5,a4,100007ac <comm_sram_wb+0x2c>
10000884:	00000013          	nop
10000888:	00000013          	nop
1000088c:	02c12083          	lw	ra,44(sp)
10000890:	02812403          	lw	s0,40(sp)
10000894:	03010113          	add	sp,sp,48
10000898:	00008067          	ret

1000089c <main>:
1000089c:	ff010113          	add	sp,sp,-16
100008a0:	00112623          	sw	ra,12(sp)
100008a4:	00812423          	sw	s0,8(sp)
100008a8:	01010413          	add	s0,sp,16
100008ac:	f00037b7          	lui	a5,0xf0003
100008b0:	80078793          	add	a5,a5,-2048 # f0002800 <_etext+0xe0001e00>
100008b4:	00100713          	li	a4,1
100008b8:	00e7a023          	sw	a4,0(a5)
100008bc:	f00037b7          	lui	a5,0xf0003
100008c0:	80478793          	add	a5,a5,-2044 # f0002804 <_etext+0xe0001e04>
100008c4:	0007a023          	sw	zero,0(a5)
100008c8:	f00037b7          	lui	a5,0xf0003
100008cc:	80878793          	add	a5,a5,-2040 # f0002808 <_etext+0xe0001e08>
100008d0:	00100713          	li	a4,1
100008d4:	00e7a023          	sw	a4,0(a5)
100008d8:	f00037b7          	lui	a5,0xf0003
100008dc:	80c78793          	add	a5,a5,-2036 # f000280c <_etext+0xe0001e0c>
100008e0:	00100713          	li	a4,1
100008e4:	00e7a023          	sw	a4,0(a5)
100008e8:	b85ff0ef          	jal	1000046c <set_registers>
100008ec:	ad9ff0ef          	jal	100003c4 <gpio_config_io>
100008f0:	f00037b7          	lui	a5,0xf0003
100008f4:	81478793          	add	a5,a5,-2028 # f0002814 <_etext+0xe0001e14>
100008f8:	00100713          	li	a4,1
100008fc:	00e7a023          	sw	a4,0(a5)
10000900:	f00047b7          	lui	a5,0xf0004
10000904:	80078793          	add	a5,a5,-2048 # f0003800 <_etext+0xe0002e00>
10000908:	00100713          	li	a4,1
1000090c:	00e7a023          	sw	a4,0(a5)
10000910:	260007b7          	lui	a5,0x26000
10000914:	00100713          	li	a4,1
10000918:	00e7a023          	sw	a4,0(a5) # 26000000 <_etext+0x15fff600>
1000091c:	00000013          	nop
10000920:	260007b7          	lui	a5,0x26000
10000924:	0007a703          	lw	a4,0(a5) # 26000000 <_etext+0x15fff600>
10000928:	00100793          	li	a5,1
1000092c:	fef70ae3          	beq	a4,a5,10000920 <main+0x84>
10000930:	00000593          	li	a1,0
10000934:	00000513          	li	a0,0
10000938:	e49ff0ef          	jal	10000780 <comm_sram_wb>
1000093c:	ff5ff06f          	j	10000930 <main+0x94>
	...

Disassembly of section .data:

00000000 <config_stream>:
   0:	262626f7          	.insn	4, 0x262626f7
   4:	2626                	.insn	2, 0x2626
   6:	0626                	.insn	2, 0x0626
   8:	0606                	.insn	2, 0x0606
   a:	0606                	.insn	2, 0x0606
   c:	2606                	.insn	2, 0x2606
   e:	6666                	.insn	2, 0x6666
  10:	6666                	.insn	2, 0x6666
  12:	2626                	.insn	2, 0x2626
  14:	0606                	.insn	2, 0x0606
  16:	0606                	.insn	2, 0x0606
  18:	0606                	.insn	2, 0x0606
  1a:	6666                	.insn	2, 0x6666
  1c:	6666                	.insn	2, 0x6666
  1e:	2626                	.insn	2, 0x2626
  20:	0626                	.insn	2, 0x0626
  22:	0606                	.insn	2, 0x0606
  24:	0606                	.insn	2, 0x0606
  26:	6646                	.insn	2, 0x6646
  28:	6666                	.insn	2, 0x6666
  2a:	2626                	.insn	2, 0x2626
  2c:	2626                	.insn	2, 0x2626
  2e:	0606                	.insn	2, 0x0606
  30:	0606                	.insn	2, 0x0606
  32:	4646                	.insn	2, 0x4646
  34:	6666                	.insn	2, 0x6666
  36:	2626                	.insn	2, 0x2626
  38:	2626                	.insn	2, 0x2626
  3a:	0626                	.insn	2, 0x0626
  3c:	0606                	.insn	2, 0x0606
  3e:	4646                	.insn	2, 0x4646
  40:	6646                	.insn	2, 0x6646
  42:	2626                	.insn	2, 0x2626
  44:	2626                	.insn	2, 0x2626
  46:	2626                	.insn	2, 0x2626
  48:	0606                	.insn	2, 0x0606
  4a:	4646                	.insn	2, 0x4646
  4c:	4646                	.insn	2, 0x4646
  4e:	2626                	.insn	2, 0x2626
  50:	2626                	.insn	2, 0x2626
  52:	2626                	.insn	2, 0x2626
  54:	0626                	.insn	2, 0x0626
  56:	4646                	.insn	2, 0x4646
  58:	4646                	.insn	2, 0x4646
  5a:	2606                	.insn	2, 0x2606
  5c:	2626                	.insn	2, 0x2626
  5e:	2626                	.insn	2, 0x2626
  60:	2626                	.insn	2, 0x2626
  62:	4646                	.insn	2, 0x4646
  64:	4646                	.insn	2, 0x4646
  66:	0606                	.insn	2, 0x0606
  68:	2626                	.insn	2, 0x2626
  6a:	2626                	.insn	2, 0x2626
  6c:	2626                	.insn	2, 0x2626
  6e:	4666                	.insn	2, 0x4666
  70:	4646                	.insn	2, 0x4646
  72:	0606                	.insn	2, 0x0606
  74:	2606                	.insn	2, 0x2606
  76:	2626                	.insn	2, 0x2626
  78:	2626                	.insn	2, 0x2626
  7a:	6666                	.insn	2, 0x6666
  7c:	4646                	.insn	2, 0x4646
  7e:	0606                	.insn	2, 0x0606
  80:	0606                	.insn	2, 0x0606
  82:	2626                	.insn	2, 0x2626
  84:	2626                	.insn	2, 0x2626
  86:	6666                	.insn	2, 0x6666
  88:	4666                	.insn	2, 0x4666
  8a:	0606                	.insn	2, 0x0606
  8c:	0606                	.insn	2, 0x0606
  8e:	2606                	.insn	2, 0x2606
  90:	2626                	.insn	2, 0x2626
  92:	6666                	.insn	2, 0x6666
  94:	6666                	.insn	2, 0x6666
  96:	0606                	.insn	2, 0x0606
  98:	0606                	.insn	2, 0x0606
  9a:	0606                	.insn	2, 0x0606
  9c:	2626                	.insn	2, 0x2626
  9e:	6666                	.insn	2, 0x6666
  a0:	6666                	.insn	2, 0x6666
  a2:	0606                	.insn	2, 0x0606
  a4:	0606                	.insn	2, 0x0606
  a6:	0606                	.insn	2, 0x0606
  a8:	2626                	.insn	2, 0x2626
  aa:	6666                	.insn	2, 0x6666
  ac:	6666                	.insn	2, 0x6666
  ae:	0606                	.insn	2, 0x0606
  b0:	0606                	.insn	2, 0x0606
  b2:	0606                	.insn	2, 0x0606
  b4:	2606                	.insn	2, 0x2606
  b6:	6666                	.insn	2, 0x6666
  b8:	6666                	.insn	2, 0x6666
  ba:	0606                	.insn	2, 0x0606
  bc:	0606                	.insn	2, 0x0606
  be:	0606                	.insn	2, 0x0606
  c0:	2606                	.insn	2, 0x2606
  c2:	6666                	.insn	2, 0x6666
  c4:	6666                	.insn	2, 0x6666
  c6:	0606                	.insn	2, 0x0606
  c8:	0606                	.insn	2, 0x0606
  ca:	0606                	.insn	2, 0x0606
  cc:	0606                	.insn	2, 0x0606
  ce:	6666                	.insn	2, 0x6666
  d0:	6666                	.insn	2, 0x6666
  d2:	0606                	.insn	2, 0x0606
  d4:	0606                	.insn	2, 0x0606
  d6:	0606                	.insn	2, 0x0606
  d8:	0606                	.insn	2, 0x0606
  da:	6646                	.insn	2, 0x6646
  dc:	6666                	.insn	2, 0x6666
  de:	0606                	.insn	2, 0x0606
  e0:	0606                	.insn	2, 0x0606
  e2:	0606                	.insn	2, 0x0606
  e4:	0606                	.insn	2, 0x0606
  e6:	4606                	.insn	2, 0x4606
  e8:	6666                	.insn	2, 0x6666
  ea:	0606                	.insn	2, 0x0606
  ec:	0606                	.insn	2, 0x0606
  ee:	0606                	.insn	2, 0x0606
  f0:	0606                	.insn	2, 0x0606
  f2:	0606                	.insn	2, 0x0606
  f4:	0066                	.insn	2, 0x0066
	...

Disassembly of section .riscv.attributes:

00000000 <.riscv.attributes>:
   0:	2841                	.insn	2, 0x2841
   2:	0000                	.insn	2, 0x
   4:	7200                	.insn	2, 0x7200
   6:	7369                	.insn	2, 0x7369
   8:	01007663          	bgeu	zero,a6,14 <config_stream+0x14>
   c:	001e                	.insn	2, 0x001e
   e:	0000                	.insn	2, 0x
  10:	1004                	.insn	2, 0x1004
  12:	7205                	.insn	2, 0x7205
  14:	3376                	.insn	2, 0x3376
  16:	6932                	.insn	2, 0x6932
  18:	7032                	.insn	2, 0x7032
  1a:	5f31                	.insn	2, 0x5f31
  1c:	697a                	.insn	2, 0x697a
  1e:	32727363          	bgeu	tp,t2,344 <_ebss+0x23c>
  22:	3070                	.insn	2, 0x3070
  24:	0800                	.insn	2, 0x0800
  26:	0a01                	.insn	2, 0x0a01
  28:	Address 0x28 is out of bounds.


Disassembly of section .comment:

00000000 <.comment>:
   0:	3a434347          	.insn	4, 0x3a434347
   4:	2820                	.insn	2, 0x2820
   6:	39386367          	.insn	4, 0x39386367
   a:	6431                	.insn	2, 0x6431
   c:	6438                	.insn	2, 0x6438
   e:	20293263          	.insn	4, 0x20293263
  12:	3331                	.insn	2, 0x3331
  14:	322e                	.insn	2, 0x322e
  16:	302e                	.insn	2, 0x302e
	...
